[debug] [2021-04-11T20:33:07.561Z] ----------------------------------------------------------------------
[debug] [2021-04-11T20:33:07.563Z] Command:       C:\Program Files\nodejs\node.exe C:\Users\Karl\AppData\Roaming\npm\node_modules\firebase-tools\lib\bin\firebase.js functions:shell
[debug] [2021-04-11T20:33:07.563Z] CLI Version:   9.8.0
[debug] [2021-04-11T20:33:07.564Z] Platform:      win32
[debug] [2021-04-11T20:33:07.564Z] Node Version:  v14.16.0
[debug] [2021-04-11T20:33:07.565Z] Time:          Sun Apr 11 2021 16:33:07 GMT-0400 (Eastern Daylight Time)
[debug] [2021-04-11T20:33:07.565Z] ----------------------------------------------------------------------
[debug] 
[debug] [2021-04-11T20:33:07.572Z] > command requires scopes: ["email","openid","https://www.googleapis.com/auth/cloudplatformprojects.readonly","https://www.googleapis.com/auth/firebase","https://www.googleapis.com/auth/cloud-platform"]
[debug] [2021-04-11T20:33:07.573Z] > authorizing via signed-in user
[debug] [2021-04-11T20:33:07.573Z] [iam] checking project btsdashboard-d7ad5 for permissions ["firebase.projects.get"]
[debug] [2021-04-11T20:33:07.574Z] > refreshing access token with scopes: ["email","https://www.googleapis.com/auth/cloud-platform","https://www.googleapis.com/auth/cloudplatformprojects.readonly","https://www.googleapis.com/auth/firebase","openid"]
[debug] [2021-04-11T20:33:07.575Z] >>> HTTP REQUEST POST https://www.googleapis.com/oauth2/v3/token  
 <request body omitted>
[debug] [2021-04-11T20:33:07.709Z] <<< HTTP RESPONSE 200 {"cache-control":"no-cache, no-store, max-age=0, must-revalidate","pragma":"no-cache","date":"Sun, 11 Apr 2021 20:33:07 GMT","expires":"Mon, 01 Jan 1990 00:00:00 GMT","content-type":"application/json; charset=utf-8","vary":"X-Origin, Referer, Origin,Accept-Encoding","server":"scaffolding on HTTPServer2","x-xss-protection":"0","x-frame-options":"SAMEORIGIN","x-content-type-options":"nosniff","alt-svc":"h3-29=\":443\"; ma=2592000,h3-T051=\":443\"; ma=2592000,h3-Q050=\":443\"; ma=2592000,h3-Q046=\":443\"; ma=2592000,h3-Q043=\":443\"; ma=2592000,quic=\":443\"; ma=2592000; v=\"46,43\"","accept-ranges":"none","transfer-encoding":"chunked"}
[debug] [2021-04-11T20:33:07.732Z] >>> HTTP REQUEST POST https://cloudresourcemanager.googleapis.com/v1/projects/btsdashboard-d7ad5:testIamPermissions  
 {"permissions":["firebase.projects.get"]}
[debug] [2021-04-11T20:33:07.936Z] <<< HTTP RESPONSE 200 {"content-type":"application/json; charset=UTF-8","vary":"X-Origin, Referer, Origin,Accept-Encoding","date":"Sun, 11 Apr 2021 20:33:07 GMT","server":"ESF","cache-control":"private","x-xss-protection":"0","x-frame-options":"SAMEORIGIN","x-content-type-options":"nosniff","server-timing":"gfet4t7; dur=140","alt-svc":"h3-29=\":443\"; ma=2592000,h3-T051=\":443\"; ma=2592000,h3-Q050=\":443\"; ma=2592000,h3-Q046=\":443\"; ma=2592000,h3-Q043=\":443\"; ma=2592000,quic=\":443\"; ma=2592000; v=\"46,43\"","accept-ranges":"none","transfer-encoding":"chunked"}
[warn] !  Your requested "node" version "12" doesn't match your global version "14" {"metadata":{"emulator":{"name":"functions"},"message":"Your requested \"node\" version \"12\" doesn't match your global version \"14\""}}
[debug] [2021-04-11T20:33:07.958Z] defaultcredentials: writing to file C:\Users\Karl\AppData\Roaming\firebase\karlmiguel_dinang19_ncf.edu_application_default_credentials.json
[debug] [2021-04-11T20:33:07.959Z] DEBUG: Setting GAC to C:\Users\Karl\AppData\Roaming\firebase\karlmiguel_dinang19_ncf.edu_application_default_credentials.json
[debug] [2021-04-11T20:33:07.960Z] > refreshing access token with scopes: []
[debug] [2021-04-11T20:33:07.961Z] >>> HTTP REQUEST POST https://www.googleapis.com/oauth2/v3/token  
 <request body omitted>
[debug] [2021-04-11T20:33:08.064Z] <<< HTTP RESPONSE 200 {"cache-control":"no-cache, no-store, max-age=0, must-revalidate","expires":"Mon, 01 Jan 1990 00:00:00 GMT","date":"Sun, 11 Apr 2021 20:33:07 GMT","pragma":"no-cache","content-type":"application/json; charset=utf-8","vary":"X-Origin, Referer, Origin,Accept-Encoding","server":"scaffolding on HTTPServer2","x-xss-protection":"0","x-frame-options":"SAMEORIGIN","x-content-type-options":"nosniff","alt-svc":"h3-29=\":443\"; ma=2592000,h3-T051=\":443\"; ma=2592000,h3-Q050=\":443\"; ma=2592000,h3-Q046=\":443\"; ma=2592000,h3-Q043=\":443\"; ma=2592000,quic=\":443\"; ma=2592000; v=\"46,43\"","accept-ranges":"none","transfer-encoding":"chunked"}
[debug] [2021-04-11T20:33:08.075Z] >>> [apiv2][query] GET https://firebase.googleapis.com/v1beta1/projects/btsdashboard-d7ad5/adminSdkConfig [none]
[debug] [2021-04-11T20:33:08.346Z] <<< [apiv2][status] GET https://firebase.googleapis.com/v1beta1/projects/btsdashboard-d7ad5/adminSdkConfig 200
[debug] [2021-04-11T20:33:08.346Z] <<< [apiv2][body] GET https://firebase.googleapis.com/v1beta1/projects/btsdashboard-d7ad5/adminSdkConfig {"projectId":"btsdashboard-d7ad5","databaseURL":"https://btsdashboard-d7ad5-default-rtdb.firebaseio.com","storageBucket":"btsdashboard-d7ad5.appspot.com","locationId":"us-central"}
[debug] [2021-04-11T20:33:08.363Z] [functions] Watching "C:\Users\Karl\Documents\Spring2020\Software\BTS-Dashboard-main\BTS-Dashboard\functions" for Cloud Functions...
[debug] [2021-04-11T20:33:08.376Z] DEBUG: [worker-pool] addWorker(~diagnostic~)
[debug] [2021-04-11T20:33:08.376Z] DEBUG: [worker-pool] Adding worker with key ~diagnostic~, total=1
[debug] [2021-04-11T20:33:08.376Z] DEBUG: [worker-pool] submitWork(triggerId=)
[debug] [2021-04-11T20:33:08.376Z] DEBUG: [worker-~diagnostic~-b35066e2-e433-4769-9683-7737d2b3d952]: Assigning socketPath: \\?\pipe\C:\Users\Karl\Documents\Spring2020\Software\BTS-Dashboard-main\BTS-Dashboard\functions\19384
[debug] [2021-04-11T20:33:08.377Z] DEBUG: [worker-~diagnostic~-b35066e2-e433-4769-9683-7737d2b3d952]: BUSY
[debug] [2021-04-11T20:33:08.612Z] DEBUG: [runtime-status] [19384] Functions runtime initialized. {"cwd":"C:\\Users\\Karl\\Documents\\Spring2020\\Software\\BTS-Dashboard-main\\BTS-Dashboard\\functions","node_version":"14.16.0"}
[debug] [2021-04-11T20:33:08.612Z] DEBUG: [runtime-status] [19384] Disabled runtime features: undefined
[debug] [2021-04-11T20:33:08.616Z] DEBUG: [runtime-status] [19384] Resolved module firebase-admin {"declared":true,"installed":true,"version":"9.6.0","resolution":"C:\\Users\\Karl\\Documents\\Spring2020\\Software\\BTS-Dashboard-main\\BTS-Dashboard\\functions\\node_modules\\firebase-admin\\lib\\index.js"}
[debug] [2021-04-11T20:33:08.618Z] DEBUG: [runtime-status] [19384] Resolved module firebase-functions {"declared":true,"installed":true,"version":"3.13.2","resolution":"C:\\Users\\Karl\\Documents\\Spring2020\\Software\\BTS-Dashboard-main\\BTS-Dashboard\\functions\\node_modules\\firebase-functions\\lib\\index.js"}
[debug] [2021-04-11T20:33:08.619Z] DEBUG: [runtime-status] [19384] Resolved module firebase-functions {"declared":true,"installed":true,"version":"3.13.2","resolution":"C:\\Users\\Karl\\Documents\\Spring2020\\Software\\BTS-Dashboard-main\\BTS-Dashboard\\functions\\node_modules\\firebase-functions\\lib\\index.js"}
[debug] [2021-04-11T20:33:08.621Z] DEBUG: [runtime-status] [19384] Outgoing network have been stubbed. [{"name":"http","status":"mocked"},{"name":"http","status":"mocked"},{"name":"https","status":"mocked"},{"name":"https","status":"mocked"},{"name":"net","status":"mocked"}]
[debug] [2021-04-11T20:33:08.621Z] DEBUG: [runtime-status] [19384] Resolved module firebase-functions {"declared":true,"installed":true,"version":"3.13.2","resolution":"C:\\Users\\Karl\\Documents\\Spring2020\\Software\\BTS-Dashboard-main\\BTS-Dashboard\\functions\\node_modules\\firebase-functions\\lib\\index.js"}
[debug] [2021-04-11T20:33:08.688Z] DEBUG: [runtime-status] [19384] Checked functions.config() {"config":{}}
[debug] [2021-04-11T20:33:08.689Z] DEBUG: [runtime-status] [19384] firebase-functions has been stubbed. {"functionsResolution":{"declared":true,"installed":true,"version":"3.13.2","resolution":"C:\\Users\\Karl\\Documents\\Spring2020\\Software\\BTS-Dashboard-main\\BTS-Dashboard\\functions\\node_modules\\firebase-functions\\lib\\index.js"}}
[debug] [2021-04-11T20:33:08.689Z] DEBUG: [runtime-status] [19384] Resolved module firebase-functions {"declared":true,"installed":true,"version":"3.13.2","resolution":"C:\\Users\\Karl\\Documents\\Spring2020\\Software\\BTS-Dashboard-main\\BTS-Dashboard\\functions\\node_modules\\firebase-functions\\lib\\index.js"}
[debug] [2021-04-11T20:33:08.701Z] DEBUG: [runtime-status] [19384] Resolved module firebase-admin {"declared":true,"installed":true,"version":"9.6.0","resolution":"C:\\Users\\Karl\\Documents\\Spring2020\\Software\\BTS-Dashboard-main\\BTS-Dashboard\\functions\\node_modules\\firebase-admin\\lib\\index.js"}
[debug] [2021-04-11T20:33:08.701Z] DEBUG: [runtime-status] [19384] Resolved module firebase-functions {"declared":true,"installed":true,"version":"3.13.2","resolution":"C:\\Users\\Karl\\Documents\\Spring2020\\Software\\BTS-Dashboard-main\\BTS-Dashboard\\functions\\node_modules\\firebase-functions\\lib\\index.js"}
[debug] [2021-04-11T20:33:08.701Z] DEBUG: [runtime-status] [19384] firebase-admin has been stubbed. {"adminResolution":{"declared":true,"installed":true,"version":"9.6.0","resolution":"C:\\Users\\Karl\\Documents\\Spring2020\\Software\\BTS-Dashboard-main\\BTS-Dashboard\\functions\\node_modules\\firebase-admin\\lib\\index.js"}}
[debug] [2021-04-11T20:33:08.982Z] DEBUG: [runtime-status] [19384] initializeApp(DEFAULT) {"storageBucket":"btsdashboard-d7ad5.appspot.com","databaseURL":"https://btsdashboard-d7ad5-default-rtdb.firebaseio.com","projectId":"btsdashboard-d7ad5"}
[warn] !  functions: The Cloud Firestore emulator is not running, so calls to Firestore will affect production. {"metadata":{"emulator":{"name":"functions"},"message":"The Cloud Firestore emulator is not running, so calls to Firestore will affect production."}}
[debug] [2021-04-11T20:33:09.268Z] [functions[updateTweets]] http function initialized (http://localhost:5000/btsdashboard-d7ad5/us-central1/updateTweets).
[debug] [2021-04-11T20:33:09.268Z] [functions[getDataFromDB]] http function initialized (http://localhost:5000/btsdashboard-d7ad5/us-central1/getDataFromDB).
[debug] [2021-04-11T20:33:09.268Z] [functions[scheduledFuntions]] function ignored because the pubsub emulator does not exist or is not running.
[info] i  functions: Loaded functions: updateTweets, getDataFromDB, scheduledFuntions 
[warn] !  functions: The following emulators are not running, calls to these services will affect production: firestore, database, pubsub, storage 
[debug] [2021-04-11T20:33:09.280Z] DEBUG: [worker-~diagnostic~-b35066e2-e433-4769-9683-7737d2b3d952]: IDLE
[debug] [2021-04-11T20:33:13.837Z] shell:scheduledFuntions: trigger={"schedule":{"schedule":"every 5 seconds"},"eventTrigger":{"resource":"projects/btsdashboard-d7ad5/topics","eventType":"google.pubsub.topic.publish","service":"pubsub.googleapis.com"},"labels":{"deployment-scheduled":"true"},"name":"scheduledFuntions","entryPoint":"scheduledFuntions"}
[debug] [2021-04-11T20:33:13.838Z] shell:scheduledFuntions: opts={}, data={}
[debug] [2021-04-11T20:33:13.844Z] DEBUG: [worker-pool] addWorker(scheduledFuntions)
[debug] [2021-04-11T20:33:13.844Z] DEBUG: [worker-pool] Adding worker with key scheduledFuntions, total=1
[debug] [2021-04-11T20:33:13.845Z] DEBUG: [worker-pool] submitWork(triggerId=scheduledFuntions)
[debug] [2021-04-11T20:33:13.845Z] DEBUG: [worker-scheduledFuntions-7ee6b030-3d1a-4e26-9aab-60ec6a660dcf]: Assigning socketPath: \\?\pipe\C:\Users\Karl\Documents\Spring2020\Software\BTS-Dashboard-main\BTS-Dashboard\functions\16744
[debug] [2021-04-11T20:33:13.846Z] DEBUG: [worker-scheduledFuntions-7ee6b030-3d1a-4e26-9aab-60ec6a660dcf]: BUSY
[debug] [2021-04-11T20:33:14.076Z] DEBUG: [runtime-status] [16744] Functions runtime initialized. {"cwd":"C:\\Users\\Karl\\Documents\\Spring2020\\Software\\BTS-Dashboard-main\\BTS-Dashboard\\functions","node_version":"14.16.0"}
[debug] [2021-04-11T20:33:14.078Z] DEBUG: [runtime-status] [16744] Disabled runtime features: undefined
[debug] [2021-04-11T20:33:14.081Z] DEBUG: [runtime-status] [16744] Resolved module firebase-admin {"declared":true,"installed":true,"version":"9.6.0","resolution":"C:\\Users\\Karl\\Documents\\Spring2020\\Software\\BTS-Dashboard-main\\BTS-Dashboard\\functions\\node_modules\\firebase-admin\\lib\\index.js"}
[debug] [2021-04-11T20:33:14.082Z] DEBUG: [runtime-status] [16744] Resolved module firebase-functions {"declared":true,"installed":true,"version":"3.13.2","resolution":"C:\\Users\\Karl\\Documents\\Spring2020\\Software\\BTS-Dashboard-main\\BTS-Dashboard\\functions\\node_modules\\firebase-functions\\lib\\index.js"}
[debug] [2021-04-11T20:33:14.084Z] DEBUG: [runtime-status] [16744] Resolved module firebase-functions {"declared":true,"installed":true,"version":"3.13.2","resolution":"C:\\Users\\Karl\\Documents\\Spring2020\\Software\\BTS-Dashboard-main\\BTS-Dashboard\\functions\\node_modules\\firebase-functions\\lib\\index.js"}
[debug] [2021-04-11T20:33:14.085Z] DEBUG: [runtime-status] [16744] Outgoing network have been stubbed. [{"name":"http","status":"mocked"},{"name":"http","status":"mocked"},{"name":"https","status":"mocked"},{"name":"https","status":"mocked"},{"name":"net","status":"mocked"}]
[debug] [2021-04-11T20:33:14.086Z] DEBUG: [runtime-status] [16744] Resolved module firebase-functions {"declared":true,"installed":true,"version":"3.13.2","resolution":"C:\\Users\\Karl\\Documents\\Spring2020\\Software\\BTS-Dashboard-main\\BTS-Dashboard\\functions\\node_modules\\firebase-functions\\lib\\index.js"}
[debug] [2021-04-11T20:33:14.132Z] DEBUG: [runtime-status] [16744] Checked functions.config() {"config":{}}
[debug] [2021-04-11T20:33:14.133Z] DEBUG: [runtime-status] [16744] firebase-functions has been stubbed. {"functionsResolution":{"declared":true,"installed":true,"version":"3.13.2","resolution":"C:\\Users\\Karl\\Documents\\Spring2020\\Software\\BTS-Dashboard-main\\BTS-Dashboard\\functions\\node_modules\\firebase-functions\\lib\\index.js"}}
[debug] [2021-04-11T20:33:14.133Z] DEBUG: [runtime-status] [16744] Resolved module firebase-functions {"declared":true,"installed":true,"version":"3.13.2","resolution":"C:\\Users\\Karl\\Documents\\Spring2020\\Software\\BTS-Dashboard-main\\BTS-Dashboard\\functions\\node_modules\\firebase-functions\\lib\\index.js"}
[debug] [2021-04-11T20:33:14.134Z] DEBUG: [runtime-status] [16744] Resolved module firebase-admin {"declared":true,"installed":true,"version":"9.6.0","resolution":"C:\\Users\\Karl\\Documents\\Spring2020\\Software\\BTS-Dashboard-main\\BTS-Dashboard\\functions\\node_modules\\firebase-admin\\lib\\index.js"}
[debug] [2021-04-11T20:33:14.137Z] DEBUG: [runtime-status] [16744] Resolved module firebase-functions {"declared":true,"installed":true,"version":"3.13.2","resolution":"C:\\Users\\Karl\\Documents\\Spring2020\\Software\\BTS-Dashboard-main\\BTS-Dashboard\\functions\\node_modules\\firebase-functions\\lib\\index.js"}
[debug] [2021-04-11T20:33:14.138Z] DEBUG: [runtime-status] [16744] firebase-admin has been stubbed. {"adminResolution":{"declared":true,"installed":true,"version":"9.6.0","resolution":"C:\\Users\\Karl\\Documents\\Spring2020\\Software\\BTS-Dashboard-main\\BTS-Dashboard\\functions\\node_modules\\firebase-admin\\lib\\index.js"}}
[debug] [2021-04-11T20:33:14.319Z] DEBUG: [runtime-status] [16744] initializeApp(DEFAULT) {"storageBucket":"btsdashboard-d7ad5.appspot.com","databaseURL":"https://btsdashboard-d7ad5-default-rtdb.firebaseio.com","projectId":"btsdashboard-d7ad5"}
[debug] [2021-04-11T20:33:14.584Z] DEBUG: [runtime-status] [16744] Trigger "scheduledFuntions" has been found, beginning invocation!
[debug] [2021-04-11T20:33:14.585Z] [functions] Beginning execution of "scheduledFuntions"
[debug] [2021-04-11T20:33:14.585Z] DEBUG: [runtime-status] [16744] triggerDefinition {"schedule":{"schedule":"every 5 seconds"},"eventTrigger":{"resource":"projects/btsdashboard-d7ad5/topics","eventType":"google.pubsub.topic.publish","service":"pubsub.googleapis.com"},"labels":{"deployment-scheduled":"true"},"name":"scheduledFuntions","entryPoint":"scheduledFuntions"}
[debug] [2021-04-11T20:33:14.585Z] DEBUG: [runtime-status] [16744] Running scheduledFuntions in mode BACKGROUND
[debug] [2021-04-11T20:33:14.585Z] DEBUG: [runtime-status] [16744] ProcessBackground {"eventId":"08796703-a55b-4a3d-842d-3fd5b4115e54","timestamp":"2021-04-11T20:33:13.838Z","eventType":"google.pubsub.topic.publish","data":{}}
[debug] [2021-04-11T20:33:14.585Z] DEBUG: [runtime-status] [16744] RunBackground {"data":{},"context":{"eventId":"08796703-a55b-4a3d-842d-3fd5b4115e54","timestamp":"2021-04-11T20:33:13.838Z","eventType":"google.pubsub.topic.publish"}}
[warn] !  External network resource requested!
   - URL: "https://us-central1-btsdashboard-d7ad5.cloudfunctions.net/updateTweets"
 - Be careful, this may be a production service. {"metadata":{"emulator":{"name":"functions"},"function":{"name":"scheduledFuntions"},"message":"External network resource requested!\n   - URL: \"https://us-central1-btsdashboard-d7ad5.cloudfunctions.net/updateTweets\"\n - Be careful, this may be a production service."}}
[debug] [2021-04-11T20:33:14.604Z] DEBUG: [runtime-status] [16744] Ephemeral server survived.
[debug] [2021-04-11T20:33:14.604Z] [functions] Finished "scheduledFuntions" in ~1s
[debug] [2021-04-11T20:33:14.605Z] DEBUG: [worker-scheduledFuntions-7ee6b030-3d1a-4e26-9aab-60ec6a660dcf]: IDLE
[debug] [2021-04-11T20:34:13.213Z] DEBUG: File C:\Users\Karl\Documents\Spring2020\Software\BTS-Dashboard-main\BTS-Dashboard\functions\index.js changed, reloading triggers
[debug] [2021-04-11T20:34:14.224Z] DEBUG: [worker-pool] Shutting down IDLE worker (~diagnostic~)
[debug] [2021-04-11T20:34:14.225Z] DEBUG: [worker-~diagnostic~-b35066e2-e433-4769-9683-7737d2b3d952]: FINISHING
[debug] [2021-04-11T20:34:14.225Z] DEBUG: [worker-pool] Shutting down IDLE worker (scheduledFuntions)
[debug] [2021-04-11T20:34:14.225Z] DEBUG: [worker-scheduledFuntions-7ee6b030-3d1a-4e26-9aab-60ec6a660dcf]: FINISHING
[debug] [2021-04-11T20:34:14.234Z] DEBUG: [worker-pool] addWorker(~diagnostic~)
[debug] [2021-04-11T20:34:14.234Z] DEBUG: [worker-pool] Adding worker with key ~diagnostic~, total=2
[debug] [2021-04-11T20:34:14.235Z] DEBUG: [worker-pool] submitWork(triggerId=)
[debug] [2021-04-11T20:34:14.235Z] DEBUG: [worker-~diagnostic~-bd342811-f778-4a1f-b644-a3a732a9e774]: Assigning socketPath: \\?\pipe\C:\Users\Karl\Documents\Spring2020\Software\BTS-Dashboard-main\BTS-Dashboard\functions\13632
[debug] [2021-04-11T20:34:14.235Z] DEBUG: [worker-~diagnostic~-bd342811-f778-4a1f-b644-a3a732a9e774]: BUSY
[debug] [2021-04-11T20:34:14.237Z] DEBUG: [worker-~diagnostic~-b35066e2-e433-4769-9683-7737d2b3d952]: exited
[debug] [2021-04-11T20:34:14.237Z] DEBUG: [worker-~diagnostic~-b35066e2-e433-4769-9683-7737d2b3d952]: FINISHED
[debug] [2021-04-11T20:34:14.238Z] DEBUG: [worker-scheduledFuntions-7ee6b030-3d1a-4e26-9aab-60ec6a660dcf]: exited
[debug] [2021-04-11T20:34:14.238Z] DEBUG: [worker-scheduledFuntions-7ee6b030-3d1a-4e26-9aab-60ec6a660dcf]: FINISHED
[debug] [2021-04-11T20:34:14.524Z] DEBUG: [runtime-status] [13632] Functions runtime initialized. {"cwd":"C:\\Users\\Karl\\Documents\\Spring2020\\Software\\BTS-Dashboard-main\\BTS-Dashboard\\functions","node_version":"14.16.0"}
[debug] [2021-04-11T20:34:14.525Z] DEBUG: [runtime-status] [13632] Disabled runtime features: undefined
[debug] [2021-04-11T20:34:14.530Z] DEBUG: [runtime-status] [13632] Resolved module firebase-admin {"declared":true,"installed":true,"version":"9.6.0","resolution":"C:\\Users\\Karl\\Documents\\Spring2020\\Software\\BTS-Dashboard-main\\BTS-Dashboard\\functions\\node_modules\\firebase-admin\\lib\\index.js"}
[debug] [2021-04-11T20:34:14.532Z] DEBUG: [runtime-status] [13632] Resolved module firebase-functions {"declared":true,"installed":true,"version":"3.13.2","resolution":"C:\\Users\\Karl\\Documents\\Spring2020\\Software\\BTS-Dashboard-main\\BTS-Dashboard\\functions\\node_modules\\firebase-functions\\lib\\index.js"}
[debug] [2021-04-11T20:34:14.534Z] DEBUG: [runtime-status] [13632] Resolved module firebase-functions {"declared":true,"installed":true,"version":"3.13.2","resolution":"C:\\Users\\Karl\\Documents\\Spring2020\\Software\\BTS-Dashboard-main\\BTS-Dashboard\\functions\\node_modules\\firebase-functions\\lib\\index.js"}
[debug] [2021-04-11T20:34:14.538Z] DEBUG: [runtime-status] [13632] Outgoing network have been stubbed. [{"name":"http","status":"mocked"},{"name":"http","status":"mocked"},{"name":"https","status":"mocked"},{"name":"https","status":"mocked"},{"name":"net","status":"mocked"}]
[debug] [2021-04-11T20:34:14.539Z] DEBUG: [runtime-status] [13632] Resolved module firebase-functions {"declared":true,"installed":true,"version":"3.13.2","resolution":"C:\\Users\\Karl\\Documents\\Spring2020\\Software\\BTS-Dashboard-main\\BTS-Dashboard\\functions\\node_modules\\firebase-functions\\lib\\index.js"}
[debug] [2021-04-11T20:34:14.623Z] DEBUG: [runtime-status] [13632] Checked functions.config() {"config":{}}
[debug] [2021-04-11T20:34:14.623Z] DEBUG: [runtime-status] [13632] firebase-functions has been stubbed. {"functionsResolution":{"declared":true,"installed":true,"version":"3.13.2","resolution":"C:\\Users\\Karl\\Documents\\Spring2020\\Software\\BTS-Dashboard-main\\BTS-Dashboard\\functions\\node_modules\\firebase-functions\\lib\\index.js"}}
[debug] [2021-04-11T20:34:14.623Z] DEBUG: [runtime-status] [13632] Resolved module firebase-functions {"declared":true,"installed":true,"version":"3.13.2","resolution":"C:\\Users\\Karl\\Documents\\Spring2020\\Software\\BTS-Dashboard-main\\BTS-Dashboard\\functions\\node_modules\\firebase-functions\\lib\\index.js"}
[debug] [2021-04-11T20:34:14.625Z] DEBUG: [runtime-status] [13632] Resolved module firebase-admin {"declared":true,"installed":true,"version":"9.6.0","resolution":"C:\\Users\\Karl\\Documents\\Spring2020\\Software\\BTS-Dashboard-main\\BTS-Dashboard\\functions\\node_modules\\firebase-admin\\lib\\index.js"}
[debug] [2021-04-11T20:34:14.629Z] DEBUG: [runtime-status] [13632] Resolved module firebase-functions {"declared":true,"installed":true,"version":"3.13.2","resolution":"C:\\Users\\Karl\\Documents\\Spring2020\\Software\\BTS-Dashboard-main\\BTS-Dashboard\\functions\\node_modules\\firebase-functions\\lib\\index.js"}
[debug] [2021-04-11T20:34:14.630Z] DEBUG: [runtime-status] [13632] firebase-admin has been stubbed. {"adminResolution":{"declared":true,"installed":true,"version":"9.6.0","resolution":"C:\\Users\\Karl\\Documents\\Spring2020\\Software\\BTS-Dashboard-main\\BTS-Dashboard\\functions\\node_modules\\firebase-admin\\lib\\index.js"}}
[debug] [2021-04-11T20:34:14.834Z] DEBUG: [runtime-status] [13632] initializeApp(DEFAULT) {"storageBucket":"btsdashboard-d7ad5.appspot.com","databaseURL":"https://btsdashboard-d7ad5-default-rtdb.firebaseio.com","projectId":"btsdashboard-d7ad5"}
[debug] [2021-04-11T20:34:15.114Z] DEBUG: [worker-~diagnostic~-bd342811-f778-4a1f-b644-a3a732a9e774]: IDLE
[debug] [2021-04-11T20:34:19.661Z] shell:scheduledFuntions: trigger={"schedule":{"schedule":"every 5 seconds"},"eventTrigger":{"resource":"projects/btsdashboard-d7ad5/topics","eventType":"google.pubsub.topic.publish","service":"pubsub.googleapis.com"},"labels":{"deployment-scheduled":"true"},"name":"scheduledFuntions","entryPoint":"scheduledFuntions"}
[debug] [2021-04-11T20:34:19.662Z] shell:scheduledFuntions: opts={}, data={}
[debug] [2021-04-11T20:34:19.662Z] DEBUG: [worker-pool] Cleaned up workers for ~diagnostic~: 2 --> 1
[debug] [2021-04-11T20:34:19.662Z] DEBUG: [worker-pool] Cleaned up workers for scheduledFuntions: 1 --> 0
[debug] [2021-04-11T20:34:19.671Z] DEBUG: [worker-pool] addWorker(scheduledFuntions)
[debug] [2021-04-11T20:34:19.671Z] DEBUG: [worker-pool] Adding worker with key scheduledFuntions, total=1
[debug] [2021-04-11T20:34:19.671Z] DEBUG: [worker-pool] submitWork(triggerId=scheduledFuntions)
[debug] [2021-04-11T20:34:19.672Z] DEBUG: [worker-scheduledFuntions-125a3769-669f-4732-9de6-7cb6676e7b37]: Assigning socketPath: \\?\pipe\C:\Users\Karl\Documents\Spring2020\Software\BTS-Dashboard-main\BTS-Dashboard\functions\20044
[debug] [2021-04-11T20:34:19.672Z] DEBUG: [worker-scheduledFuntions-125a3769-669f-4732-9de6-7cb6676e7b37]: BUSY
[debug] [2021-04-11T20:34:19.909Z] DEBUG: [runtime-status] [20044] Functions runtime initialized. {"cwd":"C:\\Users\\Karl\\Documents\\Spring2020\\Software\\BTS-Dashboard-main\\BTS-Dashboard\\functions","node_version":"14.16.0"}
[debug] [2021-04-11T20:34:19.910Z] DEBUG: [runtime-status] [20044] Disabled runtime features: undefined
[debug] [2021-04-11T20:34:19.913Z] DEBUG: [runtime-status] [20044] Resolved module firebase-admin {"declared":true,"installed":true,"version":"9.6.0","resolution":"C:\\Users\\Karl\\Documents\\Spring2020\\Software\\BTS-Dashboard-main\\BTS-Dashboard\\functions\\node_modules\\firebase-admin\\lib\\index.js"}
[debug] [2021-04-11T20:34:19.915Z] DEBUG: [runtime-status] [20044] Resolved module firebase-functions {"declared":true,"installed":true,"version":"3.13.2","resolution":"C:\\Users\\Karl\\Documents\\Spring2020\\Software\\BTS-Dashboard-main\\BTS-Dashboard\\functions\\node_modules\\firebase-functions\\lib\\index.js"}
[debug] [2021-04-11T20:34:19.917Z] DEBUG: [runtime-status] [20044] Resolved module firebase-functions {"declared":true,"installed":true,"version":"3.13.2","resolution":"C:\\Users\\Karl\\Documents\\Spring2020\\Software\\BTS-Dashboard-main\\BTS-Dashboard\\functions\\node_modules\\firebase-functions\\lib\\index.js"}
[debug] [2021-04-11T20:34:19.918Z] DEBUG: [runtime-status] [20044] Outgoing network have been stubbed. [{"name":"http","status":"mocked"},{"name":"http","status":"mocked"},{"name":"https","status":"mocked"},{"name":"https","status":"mocked"},{"name":"net","status":"mocked"}]
[debug] [2021-04-11T20:34:19.919Z] DEBUG: [runtime-status] [20044] Resolved module firebase-functions {"declared":true,"installed":true,"version":"3.13.2","resolution":"C:\\Users\\Karl\\Documents\\Spring2020\\Software\\BTS-Dashboard-main\\BTS-Dashboard\\functions\\node_modules\\firebase-functions\\lib\\index.js"}
[debug] [2021-04-11T20:34:19.966Z] DEBUG: [runtime-status] [20044] Checked functions.config() {"config":{}}
[debug] [2021-04-11T20:34:19.967Z] DEBUG: [runtime-status] [20044] firebase-functions has been stubbed. {"functionsResolution":{"declared":true,"installed":true,"version":"3.13.2","resolution":"C:\\Users\\Karl\\Documents\\Spring2020\\Software\\BTS-Dashboard-main\\BTS-Dashboard\\functions\\node_modules\\firebase-functions\\lib\\index.js"}}
[debug] [2021-04-11T20:34:19.967Z] DEBUG: [runtime-status] [20044] Resolved module firebase-functions {"declared":true,"installed":true,"version":"3.13.2","resolution":"C:\\Users\\Karl\\Documents\\Spring2020\\Software\\BTS-Dashboard-main\\BTS-Dashboard\\functions\\node_modules\\firebase-functions\\lib\\index.js"}
[debug] [2021-04-11T20:34:19.968Z] DEBUG: [runtime-status] [20044] Resolved module firebase-admin {"declared":true,"installed":true,"version":"9.6.0","resolution":"C:\\Users\\Karl\\Documents\\Spring2020\\Software\\BTS-Dashboard-main\\BTS-Dashboard\\functions\\node_modules\\firebase-admin\\lib\\index.js"}
[debug] [2021-04-11T20:34:19.971Z] DEBUG: [runtime-status] [20044] Resolved module firebase-functions {"declared":true,"installed":true,"version":"3.13.2","resolution":"C:\\Users\\Karl\\Documents\\Spring2020\\Software\\BTS-Dashboard-main\\BTS-Dashboard\\functions\\node_modules\\firebase-functions\\lib\\index.js"}
[debug] [2021-04-11T20:34:19.971Z] DEBUG: [runtime-status] [20044] firebase-admin has been stubbed. {"adminResolution":{"declared":true,"installed":true,"version":"9.6.0","resolution":"C:\\Users\\Karl\\Documents\\Spring2020\\Software\\BTS-Dashboard-main\\BTS-Dashboard\\functions\\node_modules\\firebase-admin\\lib\\index.js"}}
[debug] [2021-04-11T20:34:20.143Z] DEBUG: [runtime-status] [20044] initializeApp(DEFAULT) {"storageBucket":"btsdashboard-d7ad5.appspot.com","databaseURL":"https://btsdashboard-d7ad5-default-rtdb.firebaseio.com","projectId":"btsdashboard-d7ad5"}
[debug] [2021-04-11T20:34:20.400Z] DEBUG: [runtime-status] [20044] Trigger "scheduledFuntions" has been found, beginning invocation!
[debug] [2021-04-11T20:34:20.401Z] [functions] Beginning execution of "scheduledFuntions"
[debug] [2021-04-11T20:34:20.401Z] DEBUG: [runtime-status] [20044] triggerDefinition {"schedule":{"schedule":"every 5 seconds"},"eventTrigger":{"resource":"projects/btsdashboard-d7ad5/topics","eventType":"google.pubsub.topic.publish","service":"pubsub.googleapis.com"},"labels":{"deployment-scheduled":"true"},"name":"scheduledFuntions","entryPoint":"scheduledFuntions"}
[debug] [2021-04-11T20:34:20.401Z] DEBUG: [runtime-status] [20044] Running scheduledFuntions in mode BACKGROUND
[debug] [2021-04-11T20:34:20.402Z] DEBUG: [runtime-status] [20044] ProcessBackground {"eventId":"15c5e02a-6cbe-459f-9c46-ca19f78f4579","timestamp":"2021-04-11T20:34:19.662Z","eventType":"google.pubsub.topic.publish","data":{}}
[debug] [2021-04-11T20:34:20.402Z] DEBUG: [runtime-status] [20044] RunBackground {"data":{},"context":{"eventId":"15c5e02a-6cbe-459f-9c46-ca19f78f4579","timestamp":"2021-04-11T20:34:19.662Z","eventType":"google.pubsub.topic.publish"}}
[warn] !  External network resource requested!
   - URL: "https://us-central1-btsdashboard-d7ad5.cloudfunctions.net/updateTweets"
 - Be careful, this may be a production service. {"metadata":{"emulator":{"name":"functions"},"function":{"name":"scheduledFuntions"},"message":"External network resource requested!\n   - URL: \"https://us-central1-btsdashboard-d7ad5.cloudfunctions.net/updateTweets\"\n - Be careful, this may be a production service."}}
[debug] [2021-04-11T20:34:20.419Z] DEBUG: [runtime-status] [20044] Ephemeral server survived.
[debug] [2021-04-11T20:34:20.419Z] [functions] Finished "scheduledFuntions" in ~1s
[debug] [2021-04-11T20:34:20.420Z] DEBUG: [worker-scheduledFuntions-125a3769-669f-4732-9de6-7cb6676e7b37]: IDLE
[info] >  Response { {"user":"Response {","metadata":{"emulator":{"name":"functions"},"function":{"name":"scheduledFuntions"},"message":"\u001b[90m> \u001b[39m Response {"}}
[info] >    size: 0, {"user":"  size: 0,","metadata":{"emulator":{"name":"functions"},"function":{"name":"scheduledFuntions"},"message":"\u001b[90m> \u001b[39m   size: 0,"}}
[info] >    timeout: 0, {"user":"  timeout: 0,","metadata":{"emulator":{"name":"functions"},"function":{"name":"scheduledFuntions"},"message":"\u001b[90m> \u001b[39m   timeout: 0,"}}
[info] >    [Symbol(Body internals)]: { {"user":"  [Symbol(Body internals)]: {","metadata":{"emulator":{"name":"functions"},"function":{"name":"scheduledFuntions"},"message":"\u001b[90m> \u001b[39m   [Symbol(Body internals)]: {"}}
[info] >      body: PassThrough { {"user":"    body: PassThrough {","metadata":{"emulator":{"name":"functions"},"function":{"name":"scheduledFuntions"},"message":"\u001b[90m> \u001b[39m     body: PassThrough {"}}
[info] >        _readableState: [ReadableState], {"user":"      _readableState: [ReadableState],","metadata":{"emulator":{"name":"functions"},"function":{"name":"scheduledFuntions"},"message":"\u001b[90m> \u001b[39m       _readableState: [ReadableState],"}}
[info] >        _events: [Object: null prototype], {"user":"      _events: [Object: null prototype],","metadata":{"emulator":{"name":"functions"},"function":{"name":"scheduledFuntions"},"message":"\u001b[90m> \u001b[39m       _events: [Object: null prototype],"}}
[info] >        _eventsCount: 5, {"user":"      _eventsCount: 5,","metadata":{"emulator":{"name":"functions"},"function":{"name":"scheduledFuntions"},"message":"\u001b[90m> \u001b[39m       _eventsCount: 5,"}}
[info] >        _maxListeners: undefined, {"user":"      _maxListeners: undefined,","metadata":{"emulator":{"name":"functions"},"function":{"name":"scheduledFuntions"},"message":"\u001b[90m> \u001b[39m       _maxListeners: undefined,"}}
[info] >        _writableState: [WritableState], {"user":"      _writableState: [WritableState],","metadata":{"emulator":{"name":"functions"},"function":{"name":"scheduledFuntions"},"message":"\u001b[90m> \u001b[39m       _writableState: [WritableState],"}}
[info] >        allowHalfOpen: true, {"user":"      allowHalfOpen: true,","metadata":{"emulator":{"name":"functions"},"function":{"name":"scheduledFuntions"},"message":"\u001b[90m> \u001b[39m       allowHalfOpen: true,"}}
[info] >        [Symbol(kCapture)]: false, {"user":"      [Symbol(kCapture)]: false,","metadata":{"emulator":{"name":"functions"},"function":{"name":"scheduledFuntions"},"message":"\u001b[90m> \u001b[39m       [Symbol(kCapture)]: false,"}}
[info] >        [Symbol(kTransformState)]: [Object] {"user":"      [Symbol(kTransformState)]: [Object]","metadata":{"emulator":{"name":"functions"},"function":{"name":"scheduledFuntions"},"message":"\u001b[90m> \u001b[39m       [Symbol(kTransformState)]: [Object]"}}
[info] >      }, {"user":"    },","metadata":{"emulator":{"name":"functions"},"function":{"name":"scheduledFuntions"},"message":"\u001b[90m> \u001b[39m     },"}}
[info] >      disturbed: false, {"user":"    disturbed: false,","metadata":{"emulator":{"name":"functions"},"function":{"name":"scheduledFuntions"},"message":"\u001b[90m> \u001b[39m     disturbed: false,"}}
[info] >      error: null {"user":"    error: null","metadata":{"emulator":{"name":"functions"},"function":{"name":"scheduledFuntions"},"message":"\u001b[90m> \u001b[39m     error: null"}}
[info] >    }, {"user":"  },","metadata":{"emulator":{"name":"functions"},"function":{"name":"scheduledFuntions"},"message":"\u001b[90m> \u001b[39m   },"}}
[info] >    [Symbol(Response internals)]: { {"user":"  [Symbol(Response internals)]: {","metadata":{"emulator":{"name":"functions"},"function":{"name":"scheduledFuntions"},"message":"\u001b[90m> \u001b[39m   [Symbol(Response internals)]: {"}}
[info] >      url: 'https://us-central1-btsdashboard-d7ad5.cloudfunctions.net/updateTweets', {"user":"    url: 'https://us-central1-btsdashboard-d7ad5.cloudfunctions.net/updateTweets',","metadata":{"emulator":{"name":"functions"},"function":{"name":"scheduledFuntions"},"message":"\u001b[90m> \u001b[39m     url: 'https://us-central1-btsdashboard-d7ad5.cloudfunctions.net/updateTweets',"}}
[info] >      status: 200, {"user":"    status: 200,","metadata":{"emulator":{"name":"functions"},"function":{"name":"scheduledFuntions"},"message":"\u001b[90m> \u001b[39m     status: 200,"}}
[info] >      statusText: 'OK', {"user":"    statusText: 'OK',","metadata":{"emulator":{"name":"functions"},"function":{"name":"scheduledFuntions"},"message":"\u001b[90m> \u001b[39m     statusText: 'OK',"}}
[info] >      headers: Headers { [Symbol(map)]: [Object: null prototype] }, {"user":"    headers: Headers { [Symbol(map)]: [Object: null prototype] },","metadata":{"emulator":{"name":"functions"},"function":{"name":"scheduledFuntions"},"message":"\u001b[90m> \u001b[39m     headers: Headers { [Symbol(map)]: [Object: null prototype] },"}}
[info] >      counter: 0 {"user":"    counter: 0","metadata":{"emulator":{"name":"functions"},"function":{"name":"scheduledFuntions"},"message":"\u001b[90m> \u001b[39m     counter: 0"}}
[info] >    } {"user":"  }","metadata":{"emulator":{"name":"functions"},"function":{"name":"scheduledFuntions"},"message":"\u001b[90m> \u001b[39m   }"}}
[info] >  } {"user":"}","metadata":{"emulator":{"name":"functions"},"function":{"name":"scheduledFuntions"},"message":"\u001b[90m> \u001b[39m }"}}
[debug] [2021-04-11T20:35:01.375Z] shell:scheduledFuntions: trigger={"schedule":{"schedule":"every 5 seconds"},"eventTrigger":{"resource":"projects/btsdashboard-d7ad5/topics","eventType":"google.pubsub.topic.publish","service":"pubsub.googleapis.com"},"labels":{"deployment-scheduled":"true"},"name":"scheduledFuntions","entryPoint":"scheduledFuntions"}
[debug] [2021-04-11T20:35:01.375Z] shell:scheduledFuntions: opts={}, data={}
[debug] [2021-04-11T20:35:01.375Z] DEBUG: [worker-pool] submitWork(triggerId=scheduledFuntions)
[debug] [2021-04-11T20:35:01.376Z] DEBUG: [worker-scheduledFuntions-125a3769-669f-4732-9de6-7cb6676e7b37]: Assigning socketPath: \\?\pipe\C:\Users\Karl\Documents\Spring2020\Software\BTS-Dashboard-main\BTS-Dashboard\functions\20044
[debug] [2021-04-11T20:35:01.376Z] DEBUG: [worker-scheduledFuntions-125a3769-669f-4732-9de6-7cb6676e7b37]: BUSY
[debug] [2021-04-11T20:35:01.377Z] DEBUG: [runtime-status] [20044] Trigger "scheduledFuntions" has been found, beginning invocation!
[debug] [2021-04-11T20:35:01.378Z] [functions] Beginning execution of "scheduledFuntions"
[debug] [2021-04-11T20:35:01.378Z] DEBUG: [runtime-status] [20044] triggerDefinition {"schedule":{"schedule":"every 5 seconds"},"eventTrigger":{"resource":"projects/btsdashboard-d7ad5/topics","eventType":"google.pubsub.topic.publish","service":"pubsub.googleapis.com"},"labels":{"deployment-scheduled":"true"},"name":"scheduledFuntions","entryPoint":"scheduledFuntions"}
[debug] [2021-04-11T20:35:01.379Z] DEBUG: [runtime-status] [20044] Running scheduledFuntions in mode BACKGROUND
[debug] [2021-04-11T20:35:01.379Z] DEBUG: [runtime-status] [20044] ProcessBackground {"eventId":"d8fec8f6-1ad1-40f1-a2d0-c0a2c1b92d59","timestamp":"2021-04-11T20:35:01.375Z","eventType":"google.pubsub.topic.publish","data":{}}
[debug] [2021-04-11T20:35:01.379Z] DEBUG: [runtime-status] [20044] RunBackground {"data":{},"context":{"eventId":"d8fec8f6-1ad1-40f1-a2d0-c0a2c1b92d59","timestamp":"2021-04-11T20:35:01.375Z","eventType":"google.pubsub.topic.publish"}}
[debug] [2021-04-11T20:35:01.381Z] DEBUG: [runtime-status] [20044] Ephemeral server survived.
[debug] [2021-04-11T20:35:01.381Z] [functions] Finished "scheduledFuntions" in ~1s
[debug] [2021-04-11T20:35:01.381Z] DEBUG: [worker-scheduledFuntions-125a3769-669f-4732-9de6-7cb6676e7b37]: IDLE
[info] >  Response { {"user":"Response {","metadata":{"emulator":{"name":"functions"},"function":{"name":"scheduledFuntions"},"message":"\u001b[90m> \u001b[39m Response {"}}
[info] >    size: 0, {"user":"  size: 0,","metadata":{"emulator":{"name":"functions"},"function":{"name":"scheduledFuntions"},"message":"\u001b[90m> \u001b[39m   size: 0,"}}
[info] >    timeout: 0, {"user":"  timeout: 0,","metadata":{"emulator":{"name":"functions"},"function":{"name":"scheduledFuntions"},"message":"\u001b[90m> \u001b[39m   timeout: 0,"}}
[info] >    [Symbol(Body internals)]: { {"user":"  [Symbol(Body internals)]: {","metadata":{"emulator":{"name":"functions"},"function":{"name":"scheduledFuntions"},"message":"\u001b[90m> \u001b[39m   [Symbol(Body internals)]: {"}}
[info] >      body: PassThrough { {"user":"    body: PassThrough {","metadata":{"emulator":{"name":"functions"},"function":{"name":"scheduledFuntions"},"message":"\u001b[90m> \u001b[39m     body: PassThrough {"}}
[info] >        _readableState: [ReadableState], {"user":"      _readableState: [ReadableState],","metadata":{"emulator":{"name":"functions"},"function":{"name":"scheduledFuntions"},"message":"\u001b[90m> \u001b[39m       _readableState: [ReadableState],"}}
[info] >        _events: [Object: null prototype], {"user":"      _events: [Object: null prototype],","metadata":{"emulator":{"name":"functions"},"function":{"name":"scheduledFuntions"},"message":"\u001b[90m> \u001b[39m       _events: [Object: null prototype],"}}
[info] >        _eventsCount: 5, {"user":"      _eventsCount: 5,","metadata":{"emulator":{"name":"functions"},"function":{"name":"scheduledFuntions"},"message":"\u001b[90m> \u001b[39m       _eventsCount: 5,"}}
[info] >        _maxListeners: undefined, {"user":"      _maxListeners: undefined,","metadata":{"emulator":{"name":"functions"},"function":{"name":"scheduledFuntions"},"message":"\u001b[90m> \u001b[39m       _maxListeners: undefined,"}}
[info] >        _writableState: [WritableState], {"user":"      _writableState: [WritableState],","metadata":{"emulator":{"name":"functions"},"function":{"name":"scheduledFuntions"},"message":"\u001b[90m> \u001b[39m       _writableState: [WritableState],"}}
[info] >        allowHalfOpen: true, {"user":"      allowHalfOpen: true,","metadata":{"emulator":{"name":"functions"},"function":{"name":"scheduledFuntions"},"message":"\u001b[90m> \u001b[39m       allowHalfOpen: true,"}}
[info] >        [Symbol(kCapture)]: false, {"user":"      [Symbol(kCapture)]: false,","metadata":{"emulator":{"name":"functions"},"function":{"name":"scheduledFuntions"},"message":"\u001b[90m> \u001b[39m       [Symbol(kCapture)]: false,"}}
[info] >        [Symbol(kTransformState)]: [Object] {"user":"      [Symbol(kTransformState)]: [Object]","metadata":{"emulator":{"name":"functions"},"function":{"name":"scheduledFuntions"},"message":"\u001b[90m> \u001b[39m       [Symbol(kTransformState)]: [Object]"}}
[info] >      }, {"user":"    },","metadata":{"emulator":{"name":"functions"},"function":{"name":"scheduledFuntions"},"message":"\u001b[90m> \u001b[39m     },"}}
[info] >      disturbed: false, {"user":"    disturbed: false,","metadata":{"emulator":{"name":"functions"},"function":{"name":"scheduledFuntions"},"message":"\u001b[90m> \u001b[39m     disturbed: false,"}}
[info] >      error: null {"user":"    error: null","metadata":{"emulator":{"name":"functions"},"function":{"name":"scheduledFuntions"},"message":"\u001b[90m> \u001b[39m     error: null"}}
[info] >    }, {"user":"  },","metadata":{"emulator":{"name":"functions"},"function":{"name":"scheduledFuntions"},"message":"\u001b[90m> \u001b[39m   },"}}
[info] >    [Symbol(Response internals)]: { {"user":"  [Symbol(Response internals)]: {","metadata":{"emulator":{"name":"functions"},"function":{"name":"scheduledFuntions"},"message":"\u001b[90m> \u001b[39m   [Symbol(Response internals)]: {"}}
[info] >      url: 'https://us-central1-btsdashboard-d7ad5.cloudfunctions.net/updateTweets', {"user":"    url: 'https://us-central1-btsdashboard-d7ad5.cloudfunctions.net/updateTweets',","metadata":{"emulator":{"name":"functions"},"function":{"name":"scheduledFuntions"},"message":"\u001b[90m> \u001b[39m     url: 'https://us-central1-btsdashboard-d7ad5.cloudfunctions.net/updateTweets',"}}
[info] >      status: 200, {"user":"    status: 200,","metadata":{"emulator":{"name":"functions"},"function":{"name":"scheduledFuntions"},"message":"\u001b[90m> \u001b[39m     status: 200,"}}
[info] >      statusText: 'OK', {"user":"    statusText: 'OK',","metadata":{"emulator":{"name":"functions"},"function":{"name":"scheduledFuntions"},"message":"\u001b[90m> \u001b[39m     statusText: 'OK',"}}
[info] >      headers: Headers { [Symbol(map)]: [Object: null prototype] }, {"user":"    headers: Headers { [Symbol(map)]: [Object: null prototype] },","metadata":{"emulator":{"name":"functions"},"function":{"name":"scheduledFuntions"},"message":"\u001b[90m> \u001b[39m     headers: Headers { [Symbol(map)]: [Object: null prototype] },"}}
[info] >      counter: 0 {"user":"    counter: 0","metadata":{"emulator":{"name":"functions"},"function":{"name":"scheduledFuntions"},"message":"\u001b[90m> \u001b[39m     counter: 0"}}
[info] >    } {"user":"  }","metadata":{"emulator":{"name":"functions"},"function":{"name":"scheduledFuntions"},"message":"\u001b[90m> \u001b[39m   }"}}
[info] >  } {"user":"}","metadata":{"emulator":{"name":"functions"},"function":{"name":"scheduledFuntions"},"message":"\u001b[90m> \u001b[39m }"}}
[debug] [2021-04-11T20:40:36.066Z] DEBUG: File C:\Users\Karl\Documents\Spring2020\Software\BTS-Dashboard-main\BTS-Dashboard\functions\index.js changed, reloading triggers
[debug] [2021-04-11T20:40:37.068Z] DEBUG: [worker-pool] Shutting down IDLE worker (~diagnostic~)
[debug] [2021-04-11T20:40:37.068Z] DEBUG: [worker-~diagnostic~-bd342811-f778-4a1f-b644-a3a732a9e774]: FINISHING
[debug] [2021-04-11T20:40:37.069Z] DEBUG: [worker-pool] Shutting down IDLE worker (scheduledFuntions)
[debug] [2021-04-11T20:40:37.069Z] DEBUG: [worker-scheduledFuntions-125a3769-669f-4732-9de6-7cb6676e7b37]: FINISHING
[debug] [2021-04-11T20:40:37.077Z] DEBUG: [worker-pool] addWorker(~diagnostic~)
[debug] [2021-04-11T20:40:37.077Z] DEBUG: [worker-pool] Adding worker with key ~diagnostic~, total=2
[debug] [2021-04-11T20:40:37.077Z] DEBUG: [worker-pool] submitWork(triggerId=)
[debug] [2021-04-11T20:40:37.077Z] DEBUG: [worker-~diagnostic~-b7853596-ea76-42a4-a907-a18c338cf0a3]: Assigning socketPath: \\?\pipe\C:\Users\Karl\Documents\Spring2020\Software\BTS-Dashboard-main\BTS-Dashboard\functions\15932
[debug] [2021-04-11T20:40:37.077Z] DEBUG: [worker-~diagnostic~-b7853596-ea76-42a4-a907-a18c338cf0a3]: BUSY
[debug] [2021-04-11T20:40:37.079Z] DEBUG: [worker-~diagnostic~-bd342811-f778-4a1f-b644-a3a732a9e774]: exited
[debug] [2021-04-11T20:40:37.080Z] DEBUG: [worker-~diagnostic~-bd342811-f778-4a1f-b644-a3a732a9e774]: FINISHED
[debug] [2021-04-11T20:40:37.080Z] DEBUG: [worker-scheduledFuntions-125a3769-669f-4732-9de6-7cb6676e7b37]: exited
[debug] [2021-04-11T20:40:37.081Z] DEBUG: [worker-scheduledFuntions-125a3769-669f-4732-9de6-7cb6676e7b37]: FINISHED
[debug] [2021-04-11T20:40:37.414Z] DEBUG: [runtime-status] [15932] Functions runtime initialized. {"cwd":"C:\\Users\\Karl\\Documents\\Spring2020\\Software\\BTS-Dashboard-main\\BTS-Dashboard\\functions","node_version":"14.16.0"}
[debug] [2021-04-11T20:40:37.418Z] DEBUG: [runtime-status] [15932] Disabled runtime features: undefined
[debug] [2021-04-11T20:40:37.422Z] DEBUG: [runtime-status] [15932] Resolved module firebase-admin {"declared":true,"installed":true,"version":"9.6.0","resolution":"C:\\Users\\Karl\\Documents\\Spring2020\\Software\\BTS-Dashboard-main\\BTS-Dashboard\\functions\\node_modules\\firebase-admin\\lib\\index.js"}
[debug] [2021-04-11T20:40:37.424Z] DEBUG: [runtime-status] [15932] Resolved module firebase-functions {"declared":true,"installed":true,"version":"3.13.2","resolution":"C:\\Users\\Karl\\Documents\\Spring2020\\Software\\BTS-Dashboard-main\\BTS-Dashboard\\functions\\node_modules\\firebase-functions\\lib\\index.js"}
[debug] [2021-04-11T20:40:37.425Z] DEBUG: [runtime-status] [15932] Resolved module firebase-functions {"declared":true,"installed":true,"version":"3.13.2","resolution":"C:\\Users\\Karl\\Documents\\Spring2020\\Software\\BTS-Dashboard-main\\BTS-Dashboard\\functions\\node_modules\\firebase-functions\\lib\\index.js"}
[debug] [2021-04-11T20:40:37.428Z] DEBUG: [runtime-status] [15932] Outgoing network have been stubbed. [{"name":"http","status":"mocked"},{"name":"http","status":"mocked"},{"name":"https","status":"mocked"},{"name":"https","status":"mocked"},{"name":"net","status":"mocked"}]
[debug] [2021-04-11T20:40:37.430Z] DEBUG: [runtime-status] [15932] Resolved module firebase-functions {"declared":true,"installed":true,"version":"3.13.2","resolution":"C:\\Users\\Karl\\Documents\\Spring2020\\Software\\BTS-Dashboard-main\\BTS-Dashboard\\functions\\node_modules\\firebase-functions\\lib\\index.js"}
[debug] [2021-04-11T20:40:37.527Z] DEBUG: [runtime-status] [15932] Checked functions.config() {"config":{}}
[debug] [2021-04-11T20:40:37.528Z] DEBUG: [runtime-status] [15932] firebase-functions has been stubbed. {"functionsResolution":{"declared":true,"installed":true,"version":"3.13.2","resolution":"C:\\Users\\Karl\\Documents\\Spring2020\\Software\\BTS-Dashboard-main\\BTS-Dashboard\\functions\\node_modules\\firebase-functions\\lib\\index.js"}}
[debug] [2021-04-11T20:40:37.529Z] DEBUG: [runtime-status] [15932] Resolved module firebase-functions {"declared":true,"installed":true,"version":"3.13.2","resolution":"C:\\Users\\Karl\\Documents\\Spring2020\\Software\\BTS-Dashboard-main\\BTS-Dashboard\\functions\\node_modules\\firebase-functions\\lib\\index.js"}
[debug] [2021-04-11T20:40:37.531Z] DEBUG: [runtime-status] [15932] Resolved module firebase-admin {"declared":true,"installed":true,"version":"9.6.0","resolution":"C:\\Users\\Karl\\Documents\\Spring2020\\Software\\BTS-Dashboard-main\\BTS-Dashboard\\functions\\node_modules\\firebase-admin\\lib\\index.js"}
[debug] [2021-04-11T20:40:37.537Z] DEBUG: [runtime-status] [15932] Resolved module firebase-functions {"declared":true,"installed":true,"version":"3.13.2","resolution":"C:\\Users\\Karl\\Documents\\Spring2020\\Software\\BTS-Dashboard-main\\BTS-Dashboard\\functions\\node_modules\\firebase-functions\\lib\\index.js"}
[debug] [2021-04-11T20:40:37.537Z] DEBUG: [runtime-status] [15932] firebase-admin has been stubbed. {"adminResolution":{"declared":true,"installed":true,"version":"9.6.0","resolution":"C:\\Users\\Karl\\Documents\\Spring2020\\Software\\BTS-Dashboard-main\\BTS-Dashboard\\functions\\node_modules\\firebase-admin\\lib\\index.js"}}
[debug] [2021-04-11T20:40:37.769Z] DEBUG: [runtime-status] [15932] initializeApp(DEFAULT) {"storageBucket":"btsdashboard-d7ad5.appspot.com","databaseURL":"https://btsdashboard-d7ad5-default-rtdb.firebaseio.com","projectId":"btsdashboard-d7ad5"}
[debug] [2021-04-11T20:40:38.213Z] DEBUG: [worker-~diagnostic~-b7853596-ea76-42a4-a907-a18c338cf0a3]: IDLE
[debug] [2021-04-11T20:40:46.914Z] DEBUG: File C:\Users\Karl\Documents\Spring2020\Software\BTS-Dashboard-main\BTS-Dashboard\functions\index.js changed, reloading triggers
[debug] [2021-04-11T20:40:47.929Z] DEBUG: [worker-pool] Shutting down IDLE worker (~diagnostic~)
[debug] [2021-04-11T20:40:47.929Z] DEBUG: [worker-~diagnostic~-b7853596-ea76-42a4-a907-a18c338cf0a3]: FINISHING
[debug] [2021-04-11T20:40:47.929Z] DEBUG: [worker-pool] Cleaned up workers for ~diagnostic~: 2 --> 1
[debug] [2021-04-11T20:40:47.930Z] DEBUG: [worker-pool] Cleaned up workers for scheduledFuntions: 1 --> 0
[debug] [2021-04-11T20:40:47.936Z] DEBUG: [worker-pool] addWorker(~diagnostic~)
[debug] [2021-04-11T20:40:47.936Z] DEBUG: [worker-pool] Adding worker with key ~diagnostic~, total=2
[debug] [2021-04-11T20:40:47.936Z] DEBUG: [worker-pool] submitWork(triggerId=)
[debug] [2021-04-11T20:40:47.936Z] DEBUG: [worker-~diagnostic~-ca9e7548-4f33-4e54-ab37-ff05f6e36424]: Assigning socketPath: \\?\pipe\C:\Users\Karl\Documents\Spring2020\Software\BTS-Dashboard-main\BTS-Dashboard\functions\7884
[debug] [2021-04-11T20:40:47.936Z] DEBUG: [worker-~diagnostic~-ca9e7548-4f33-4e54-ab37-ff05f6e36424]: BUSY
[debug] [2021-04-11T20:40:47.938Z] DEBUG: [worker-~diagnostic~-b7853596-ea76-42a4-a907-a18c338cf0a3]: exited
[debug] [2021-04-11T20:40:47.938Z] DEBUG: [worker-~diagnostic~-b7853596-ea76-42a4-a907-a18c338cf0a3]: FINISHED
[debug] [2021-04-11T20:40:48.243Z] DEBUG: [runtime-status] [7884] Functions runtime initialized. {"cwd":"C:\\Users\\Karl\\Documents\\Spring2020\\Software\\BTS-Dashboard-main\\BTS-Dashboard\\functions","node_version":"14.16.0"}
[debug] [2021-04-11T20:40:48.245Z] DEBUG: [runtime-status] [7884] Disabled runtime features: undefined
[debug] [2021-04-11T20:40:48.250Z] DEBUG: [runtime-status] [7884] Resolved module firebase-admin {"declared":true,"installed":true,"version":"9.6.0","resolution":"C:\\Users\\Karl\\Documents\\Spring2020\\Software\\BTS-Dashboard-main\\BTS-Dashboard\\functions\\node_modules\\firebase-admin\\lib\\index.js"}
[debug] [2021-04-11T20:40:48.253Z] DEBUG: [runtime-status] [7884] Resolved module firebase-functions {"declared":true,"installed":true,"version":"3.13.2","resolution":"C:\\Users\\Karl\\Documents\\Spring2020\\Software\\BTS-Dashboard-main\\BTS-Dashboard\\functions\\node_modules\\firebase-functions\\lib\\index.js"}
[debug] [2021-04-11T20:40:48.254Z] DEBUG: [runtime-status] [7884] Resolved module firebase-functions {"declared":true,"installed":true,"version":"3.13.2","resolution":"C:\\Users\\Karl\\Documents\\Spring2020\\Software\\BTS-Dashboard-main\\BTS-Dashboard\\functions\\node_modules\\firebase-functions\\lib\\index.js"}
[debug] [2021-04-11T20:40:48.256Z] DEBUG: [runtime-status] [7884] Outgoing network have been stubbed. [{"name":"http","status":"mocked"},{"name":"http","status":"mocked"},{"name":"https","status":"mocked"},{"name":"https","status":"mocked"},{"name":"net","status":"mocked"}]
[debug] [2021-04-11T20:40:48.257Z] DEBUG: [runtime-status] [7884] Resolved module firebase-functions {"declared":true,"installed":true,"version":"3.13.2","resolution":"C:\\Users\\Karl\\Documents\\Spring2020\\Software\\BTS-Dashboard-main\\BTS-Dashboard\\functions\\node_modules\\firebase-functions\\lib\\index.js"}
[debug] [2021-04-11T20:40:48.336Z] DEBUG: [runtime-status] [7884] Checked functions.config() {"config":{}}
[debug] [2021-04-11T20:40:48.337Z] DEBUG: [runtime-status] [7884] firebase-functions has been stubbed. {"functionsResolution":{"declared":true,"installed":true,"version":"3.13.2","resolution":"C:\\Users\\Karl\\Documents\\Spring2020\\Software\\BTS-Dashboard-main\\BTS-Dashboard\\functions\\node_modules\\firebase-functions\\lib\\index.js"}}
[debug] [2021-04-11T20:40:48.338Z] DEBUG: [runtime-status] [7884] Resolved module firebase-functions {"declared":true,"installed":true,"version":"3.13.2","resolution":"C:\\Users\\Karl\\Documents\\Spring2020\\Software\\BTS-Dashboard-main\\BTS-Dashboard\\functions\\node_modules\\firebase-functions\\lib\\index.js"}
[debug] [2021-04-11T20:40:48.342Z] DEBUG: [runtime-status] [7884] Resolved module firebase-admin {"declared":true,"installed":true,"version":"9.6.0","resolution":"C:\\Users\\Karl\\Documents\\Spring2020\\Software\\BTS-Dashboard-main\\BTS-Dashboard\\functions\\node_modules\\firebase-admin\\lib\\index.js"}
[debug] [2021-04-11T20:40:48.343Z] DEBUG: [runtime-status] [7884] Resolved module firebase-functions {"declared":true,"installed":true,"version":"3.13.2","resolution":"C:\\Users\\Karl\\Documents\\Spring2020\\Software\\BTS-Dashboard-main\\BTS-Dashboard\\functions\\node_modules\\firebase-functions\\lib\\index.js"}
[debug] [2021-04-11T20:40:48.344Z] DEBUG: [runtime-status] [7884] firebase-admin has been stubbed. {"adminResolution":{"declared":true,"installed":true,"version":"9.6.0","resolution":"C:\\Users\\Karl\\Documents\\Spring2020\\Software\\BTS-Dashboard-main\\BTS-Dashboard\\functions\\node_modules\\firebase-admin\\lib\\index.js"}}
[debug] [2021-04-11T20:40:48.549Z] DEBUG: [runtime-status] [7884] initializeApp(DEFAULT) {"storageBucket":"btsdashboard-d7ad5.appspot.com","databaseURL":"https://btsdashboard-d7ad5-default-rtdb.firebaseio.com","projectId":"btsdashboard-d7ad5"}
[debug] [2021-04-11T20:40:48.834Z] DEBUG: [worker-~diagnostic~-ca9e7548-4f33-4e54-ab37-ff05f6e36424]: IDLE
